<?xml version="1.0" encoding="UTF-8"?>
<!-- Generated by org.testng.reporters.JUnitReportReporter -->
<testsuite hostname="DESKTOP-JUA9SJ7" failures="0" tests="1" name="testCases.TC001_RegisterUser" time="39.592" errors="0" timestamp="2025-09-11T15:03:34 IST" skipped="0">
  <testcase classname="testCases.TC001_RegisterUser" name="RegisterUserTest" time="39.592"/>
</testsuite> <!-- testCases.TC001_RegisterUser -->
