<?xml version="1.0" encoding="UTF-8"?>
<!-- Generated by org.testng.reporters.JUnitReportReporter -->
<testsuite hostname="DESKTOP-JUA9SJ7" failures="0" tests="1" name="testCases.TC002_LoginWithValidCredentials" time="23.590" errors="0" timestamp="2025-09-11T16:06:12 IST" skipped="0">
  <testcase classname="testCases.TC002_LoginWithValidCredentials" name="LoginWithValidCredentialsTest" time="23.590"/>
</testsuite> <!-- testCases.TC002_LoginWithValidCredentials -->
